[debug] [2018-05-31T21:17:32.325Z] ----------------------------------------------------------------------
[debug] [2018-05-31T21:17:32.327Z] Command:       /usr/local/bin/node /usr/local/bin/firebase deploy --only functions
[debug] [2018-05-31T21:17:32.327Z] CLI Version:   3.18.5
[debug] [2018-05-31T21:17:32.327Z] Platform:      darwin
[debug] [2018-05-31T21:17:32.327Z] Node Version:  v10.3.0
[debug] [2018-05-31T21:17:32.328Z] Time:          Thu May 31 2018 18:17:32 GMT-0300 (-03)
[debug] [2018-05-31T21:17:32.328Z] ----------------------------------------------------------------------
[debug] 
[debug] [2018-05-31T21:17:32.337Z] > command requires scopes: ["email","openid","https://www.googleapis.com/auth/cloudplatformprojects.readonly","https://www.googleapis.com/auth/firebase","https://www.googleapis.com/auth/cloud-platform"]
[debug] [2018-05-31T21:17:32.338Z] > authorizing via signed-in user
[debug] [2018-05-31T21:17:32.339Z] >>> HTTP REQUEST GET https://admin.firebase.com/v1/projects/onsurance-me  
  
 Thu May 31 2018 18:17:32 GMT-0300 (-03)
[debug] [2018-05-31T21:17:33.894Z] <<< HTTP RESPONSE 200
[debug] [2018-05-31T21:17:33.895Z] >>> HTTP REQUEST GET https://admin.firebase.com/v1/database/onsurance-me/tokens  
  
 Thu May 31 2018 18:17:33 GMT-0300 (-03)
[debug] [2018-05-31T21:17:35.912Z] <<< HTTP RESPONSE 200
[info] 
[info] === Deploying to 'onsurance-me'...
[info] 
[info] i  deploying functions
[debug] [2018-05-31T21:17:39.145Z] > [functions] package.json contents: {
  "name": "friendlychat-codelab",
  "description": "Firebase SDK for Cloud Functions codelab",
  "dependencies": {
    "@google-cloud/storage": "^1.5.1",
    "@google-cloud/vision": "^0.12.0",
    "child-process-promise": "^2.2.1",
    "firebase-admin": "~5.11.0",
    "firebase-functions": "^1.0.0"
  },
  "devDependencies": {
    "eslint": "^4.12.0",
    "eslint-plugin-promise": "^3.6.0"
  }
}
[info] i  functions: ensuring necessary APIs are enabled...
[debug] [2018-05-31T21:17:39.146Z] >>> HTTP REQUEST GET https://servicemanagement.googleapis.com/v1/services/cloudfunctions.googleapis.com/projectSettings/onsurance-me?view=CONSUMER_VIEW  
  
 Thu May 31 2018 18:17:39 GMT-0300 (-03)
[debug] [2018-05-31T21:17:39.146Z] >>> HTTP REQUEST GET https://servicemanagement.googleapis.com/v1/services/runtimeconfig.googleapis.com/projectSettings/onsurance-me?view=CONSUMER_VIEW  
  
 Thu May 31 2018 18:17:39 GMT-0300 (-03)
